<?xml version="1.0" encoding="UTF-8"?>
<robot generator="Robot 5.0.1 (Python 3.10.6 on darwin)" generated="20221123 13:48:04.092" rpa="false" schemaversion="3">
<suite id="s1" name="Verify search functionality" source="/Users/muhammad.ibrahim/PycharmProjects/RobotFrameworkTutorial/Tests/eBay/Verify_search_functionality.robot">
<test id="s1-t1" name="Verify basic search functionality1" line="13">
<kw name="Open URL" library="CommonFunctionality" type="SETUP">
<kw name="Open Browser" library="SeleniumLibrary">
<arg>${url.${env}}</arg>
<arg>chrome</arg>
<doc>Opens a new browser instance to the optional ``url``.</doc>
<msg timestamp="20221123 13:48:04.257" level="INFO">Opening browser 'chrome' to base url 'https://www.ebay.com'.</msg>
<status status="PASS" starttime="20221123 13:48:04.256" endtime="20221123 13:48:08.948"/>
</kw>
<kw name="Maximize Browser Window" library="SeleniumLibrary">
<doc>Maximizes current browser window.</doc>
<status status="PASS" starttime="20221123 13:48:08.948" endtime="20221123 13:48:09.181"/>
</kw>
<status status="PASS" starttime="20221123 13:48:04.256" endtime="20221123 13:48:09.181"/>
</kw>
<kw name="Input Search Text and Click Search" library="HeaderPage">
<arg>robot</arg>
<kw name="Input Text" library="SeleniumLibrary">
<arg>xpath://*[@id="gh-ac"]</arg>
<arg>${search_text}</arg>
<doc>Types the given ``text`` into the text field identified by ``locator``.</doc>
<msg timestamp="20221123 13:48:09.183" level="INFO">Typing text 'robot' into text field 'xpath://*[@id="gh-ac"]'.</msg>
<status status="PASS" starttime="20221123 13:48:09.182" endtime="20221123 13:48:09.335"/>
</kw>
<kw name="Press Keys" library="SeleniumLibrary">
<arg>xpath://*[@id="gh-btn"]</arg>
<arg>[Return]</arg>
<doc>Simulates the user pressing key(s) to an element or on the active browser.</doc>
<msg timestamp="20221123 13:48:09.335" level="INFO">Sending key(s) ('[Return]',) to xpath://*[@id="gh-btn"] element.</msg>
<msg timestamp="20221123 13:48:11.628" level="INFO">Sending keys [Return]</msg>
<status status="PASS" starttime="20221123 13:48:09.335" endtime="20221123 13:48:11.639"/>
</kw>
<status status="PASS" starttime="20221123 13:48:09.182" endtime="20221123 13:48:11.639"/>
</kw>
<kw name="Verify Search Results" library="SearchResultsPage">
<arg>robot</arg>
<kw name="Page Should Contain" library="SeleniumLibrary">
<arg>${search_result} ${search_text}</arg>
<doc>Verifies that current page contains ``text``.</doc>
<msg timestamp="20221123 13:48:11.668" level="INFO">Current page contains text 'results for robot'.</msg>
<status status="PASS" starttime="20221123 13:48:11.640" endtime="20221123 13:48:11.668"/>
</kw>
<status status="PASS" starttime="20221123 13:48:11.639" endtime="20221123 13:48:11.668"/>
</kw>
<kw name="Close the browser" library="CommonFunctionality" type="TEARDOWN">
<kw name="Close Browser" library="SeleniumLibrary">
<doc>Closes the current browser.</doc>
<status status="PASS" starttime="20221123 13:48:11.669" endtime="20221123 13:48:11.781"/>
</kw>
<status status="PASS" starttime="20221123 13:48:11.669" endtime="20221123 13:48:11.782"/>
</kw>
<status status="PASS" starttime="20221123 13:48:04.255" endtime="20221123 13:48:11.782"/>
</test>
<test id="s1-t2" name="Verify basic search functionality2" line="17">
<kw name="Open URL" library="CommonFunctionality" type="SETUP">
<kw name="Open Browser" library="SeleniumLibrary">
<arg>${url.${env}}</arg>
<arg>chrome</arg>
<doc>Opens a new browser instance to the optional ``url``.</doc>
<msg timestamp="20221123 13:48:11.784" level="INFO">Opening browser 'chrome' to base url 'https://www.ebay.com'.</msg>
<status status="PASS" starttime="20221123 13:48:11.783" endtime="20221123 13:48:16.026"/>
</kw>
<kw name="Maximize Browser Window" library="SeleniumLibrary">
<doc>Maximizes current browser window.</doc>
<status status="PASS" starttime="20221123 13:48:16.026" endtime="20221123 13:48:16.244"/>
</kw>
<status status="PASS" starttime="20221123 13:48:11.783" endtime="20221123 13:48:16.244"/>
</kw>
<kw name="Input Search Text and Click Search" library="HeaderPage">
<arg>books</arg>
<kw name="Input Text" library="SeleniumLibrary">
<arg>xpath://*[@id="gh-ac"]</arg>
<arg>${search_text}</arg>
<doc>Types the given ``text`` into the text field identified by ``locator``.</doc>
<msg timestamp="20221123 13:48:16.245" level="INFO">Typing text 'books' into text field 'xpath://*[@id="gh-ac"]'.</msg>
<status status="PASS" starttime="20221123 13:48:16.245" endtime="20221123 13:48:16.390"/>
</kw>
<kw name="Press Keys" library="SeleniumLibrary">
<arg>xpath://*[@id="gh-btn"]</arg>
<arg>[Return]</arg>
<doc>Simulates the user pressing key(s) to an element or on the active browser.</doc>
<msg timestamp="20221123 13:48:16.390" level="INFO">Sending key(s) ('[Return]',) to xpath://*[@id="gh-btn"] element.</msg>
<msg timestamp="20221123 13:48:22.067" level="INFO">Sending keys [Return]</msg>
<status status="PASS" starttime="20221123 13:48:16.390" endtime="20221123 13:48:22.077"/>
</kw>
<status status="PASS" starttime="20221123 13:48:16.244" endtime="20221123 13:48:22.077"/>
</kw>
<kw name="Verify Search Results" library="SearchResultsPage">
<arg>books</arg>
<kw name="Page Should Contain" library="SeleniumLibrary">
<arg>${search_result} ${search_text}</arg>
<doc>Verifies that current page contains ``text``.</doc>
<msg timestamp="20221123 13:48:22.103" level="INFO">Current page contains text 'results for books'.</msg>
<status status="PASS" starttime="20221123 13:48:22.078" endtime="20221123 13:48:22.103"/>
</kw>
<status status="PASS" starttime="20221123 13:48:22.078" endtime="20221123 13:48:22.103"/>
</kw>
<kw name="Close the browser" library="CommonFunctionality" type="TEARDOWN">
<kw name="Close Browser" library="SeleniumLibrary">
<doc>Closes the current browser.</doc>
<status status="PASS" starttime="20221123 13:48:22.104" endtime="20221123 13:48:22.224"/>
</kw>
<status status="PASS" starttime="20221123 13:48:22.104" endtime="20221123 13:48:22.225"/>
</kw>
<status status="PASS" starttime="20221123 13:48:11.783" endtime="20221123 13:48:22.225"/>
</test>
<test id="s1-t3" name="Verify basic search functionality3" line="21">
<kw name="Open URL" library="CommonFunctionality" type="SETUP">
<kw name="Open Browser" library="SeleniumLibrary">
<arg>${url.${env}}</arg>
<arg>chrome</arg>
<doc>Opens a new browser instance to the optional ``url``.</doc>
<msg timestamp="20221123 13:48:22.227" level="INFO">Opening browser 'chrome' to base url 'https://www.ebay.com'.</msg>
<status status="PASS" starttime="20221123 13:48:22.226" endtime="20221123 13:48:26.617"/>
</kw>
<kw name="Maximize Browser Window" library="SeleniumLibrary">
<doc>Maximizes current browser window.</doc>
<status status="PASS" starttime="20221123 13:48:26.617" endtime="20221123 13:48:26.831"/>
</kw>
<status status="PASS" starttime="20221123 13:48:22.226" endtime="20221123 13:48:26.831"/>
</kw>
<kw name="Input Search Text and Click Search" library="HeaderPage">
<arg>travel</arg>
<kw name="Input Text" library="SeleniumLibrary">
<arg>xpath://*[@id="gh-ac"]</arg>
<arg>${search_text}</arg>
<doc>Types the given ``text`` into the text field identified by ``locator``.</doc>
<msg timestamp="20221123 13:48:26.832" level="INFO">Typing text 'travel' into text field 'xpath://*[@id="gh-ac"]'.</msg>
<status status="PASS" starttime="20221123 13:48:26.832" endtime="20221123 13:48:26.986"/>
</kw>
<kw name="Press Keys" library="SeleniumLibrary">
<arg>xpath://*[@id="gh-btn"]</arg>
<arg>[Return]</arg>
<doc>Simulates the user pressing key(s) to an element or on the active browser.</doc>
<msg timestamp="20221123 13:48:26.986" level="INFO">Sending key(s) ('[Return]',) to xpath://*[@id="gh-btn"] element.</msg>
<msg timestamp="20221123 13:48:31.114" level="INFO">Sending keys [Return]</msg>
<status status="PASS" starttime="20221123 13:48:26.986" endtime="20221123 13:48:31.124"/>
</kw>
<status status="PASS" starttime="20221123 13:48:26.832" endtime="20221123 13:48:31.124"/>
</kw>
<kw name="Verify Search Results" library="SearchResultsPage">
<arg>travel</arg>
<kw name="Page Should Contain" library="SeleniumLibrary">
<arg>${search_result} ${search_text}</arg>
<doc>Verifies that current page contains ``text``.</doc>
<msg timestamp="20221123 13:48:31.152" level="INFO">Current page contains text 'results for travel'.</msg>
<status status="PASS" starttime="20221123 13:48:31.125" endtime="20221123 13:48:31.152"/>
</kw>
<status status="PASS" starttime="20221123 13:48:31.125" endtime="20221123 13:48:31.152"/>
</kw>
<kw name="Close the browser" library="CommonFunctionality" type="TEARDOWN">
<kw name="Close Browser" library="SeleniumLibrary">
<doc>Closes the current browser.</doc>
<status status="PASS" starttime="20221123 13:48:31.153" endtime="20221123 13:48:31.275"/>
</kw>
<status status="PASS" starttime="20221123 13:48:31.152" endtime="20221123 13:48:31.275"/>
</kw>
<status status="PASS" starttime="20221123 13:48:22.225" endtime="20221123 13:48:31.275"/>
</test>
<test id="s1-t4" name="Verify advanced search functionality" line="25">
<kw name="Open URL" library="CommonFunctionality" type="SETUP">
<kw name="Open Browser" library="SeleniumLibrary">
<arg>${url.${env}}</arg>
<arg>chrome</arg>
<doc>Opens a new browser instance to the optional ``url``.</doc>
<msg timestamp="20221123 13:48:31.278" level="INFO">Opening browser 'chrome' to base url 'https://www.ebay.com'.</msg>
<status status="PASS" starttime="20221123 13:48:31.277" endtime="20221123 13:48:35.350"/>
</kw>
<kw name="Maximize Browser Window" library="SeleniumLibrary">
<doc>Maximizes current browser window.</doc>
<status status="PASS" starttime="20221123 13:48:35.350" endtime="20221123 13:48:35.558"/>
</kw>
<status status="PASS" starttime="20221123 13:48:31.277" endtime="20221123 13:48:35.559"/>
</kw>
<kw name="Click on Advanced Search Link" library="HeaderPage">
<kw name="Click Element" library="SeleniumLibrary">
<arg>//*[@id="gh-as-a"]</arg>
<doc>Click the element identified by ``locator``.</doc>
<msg timestamp="20221123 13:48:35.560" level="INFO">Clicking element '//*[@id="gh-as-a"]'.</msg>
<status status="PASS" starttime="20221123 13:48:35.560" endtime="20221123 13:48:37.031"/>
</kw>
<status status="PASS" starttime="20221123 13:48:35.559" endtime="20221123 13:48:37.032"/>
</kw>
<kw name="Close the browser" library="CommonFunctionality" type="TEARDOWN">
<kw name="Close Browser" library="SeleniumLibrary">
<doc>Closes the current browser.</doc>
<status status="PASS" starttime="20221123 13:48:37.032" endtime="20221123 13:48:37.147"/>
</kw>
<status status="PASS" starttime="20221123 13:48:37.032" endtime="20221123 13:48:37.147"/>
</kw>
<status status="PASS" starttime="20221123 13:48:31.276" endtime="20221123 13:48:37.147"/>
</test>
<doc>Basic Search Funcionality</doc>
<status status="PASS" starttime="20221123 13:48:04.093" endtime="20221123 13:48:37.148"/>
</suite>
<statistics>
<total>
<stat pass="4" fail="0" skip="0">All Tests</stat>
</total>
<tag>
</tag>
<suite>
<stat pass="4" fail="0" skip="0" id="s1" name="Verify search functionality">Verify search functionality</stat>
</suite>
</statistics>
<errors>
</errors>
</robot>
