<?xml version="1.0" encoding="UTF-8"?>
<robot generator="Robot 5.0.1 (Python 3.10.6 on darwin)" generated="20221121 13:27:05.795" rpa="false" schemaversion="3">
<suite id="s1" name="GoogleSearch" source="/Users/muhammad.ibrahim/PycharmProjects/RobotFrameworkTutorial/Tests/Google/FunctionalTestSuite/GoogleSearch.robot">
<test id="s1-t1" name="This is a sample test case" line="7">
<kw name="Open Browser" library="SeleniumLibrary">
<arg>https://www.google.com</arg>
<arg>chrome</arg>
<doc>Opens a new browser instance to the optional ``url``.</doc>
<msg timestamp="20221121 13:27:05.989" level="INFO">Opening browser 'chrome' to base url 'https://www.google.com'.</msg>
<status status="PASS" starttime="20221121 13:27:05.989" endtime="20221121 13:27:09.277"/>
</kw>
<kw name="Close Browser" library="SeleniumLibrary">
<doc>Closes the current browser.</doc>
<status status="PASS" starttime="20221121 13:27:09.277" endtime="20221121 13:27:09.368"/>
</kw>
<status status="PASS" starttime="20221121 13:27:05.988" endtime="20221121 13:27:09.369"/>
</test>
<status status="PASS" starttime="20221121 13:27:05.796" endtime="20221121 13:27:09.369"/>
</suite>
<statistics>
<total>
<stat pass="1" fail="0" skip="0">All Tests</stat>
</total>
<tag>
</tag>
<suite>
<stat pass="1" fail="0" skip="0" id="s1" name="GoogleSearch">GoogleSearch</stat>
</suite>
</statistics>
<errors>
</errors>
</robot>
