<?xml version="1.0" encoding="UTF-8"?>
<robot generator="Robot 5.0.1 (Python 3.10.6 on darwin)" generated="20221123 14:31:04.659" rpa="false" schemaversion="3">
<suite id="s1" name="Verify search functionality" source="/Users/muhammad.ibrahim/PycharmProjects/RobotFrameworkTutorial/Tests/eBay/Verify_search_functionality.robot">
<test id="s1-t1" name="Verify basic search functionality1" line="13">
<kw name="Open URL" library="CommonFunctionality" type="SETUP">
<kw name="Open Browser" library="SeleniumLibrary">
<arg>${url.${env}}</arg>
<arg>chrome</arg>
<doc>Opens a new browser instance to the optional ``url``.</doc>
<msg timestamp="20221123 14:31:04.867" level="INFO">Opening browser 'chrome' to base url 'https://www.ebay.com'.</msg>
<status status="PASS" starttime="20221123 14:31:04.866" endtime="20221123 14:31:09.232"/>
</kw>
<kw name="Maximize Browser Window" library="SeleniumLibrary">
<doc>Maximizes current browser window.</doc>
<status status="PASS" starttime="20221123 14:31:09.233" endtime="20221123 14:31:09.446"/>
</kw>
<status status="PASS" starttime="20221123 14:31:04.866" endtime="20221123 14:31:09.446"/>
</kw>
<kw name="Input Search Text and Click Search" library="HeaderPage">
<arg>robot</arg>
<kw name="Input Text" library="SeleniumLibrary">
<arg>${HomePageSearchTextBox}</arg>
<arg>${search_text}</arg>
<doc>Types the given ``text`` into the text field identified by ``locator``.</doc>
<msg timestamp="20221123 14:31:09.448" level="INFO">Typing text 'robot' into text field 'xpath://*[@id='gh-ac']'.</msg>
<status status="PASS" starttime="20221123 14:31:09.447" endtime="20221123 14:31:09.603"/>
</kw>
<kw name="Press Keys" library="SeleniumLibrary">
<arg>${HomePageSearchButton}</arg>
<arg>[Return]</arg>
<doc>Simulates the user pressing key(s) to an element or on the active browser.</doc>
<msg timestamp="20221123 14:31:09.604" level="INFO">Sending key(s) ('[Return]',) to xpath://*[@id='gh-btn'] element.</msg>
<msg timestamp="20221123 14:31:13.041" level="INFO">Sending keys [Return]</msg>
<status status="PASS" starttime="20221123 14:31:09.603" endtime="20221123 14:31:13.051"/>
</kw>
<status status="PASS" starttime="20221123 14:31:09.446" endtime="20221123 14:31:13.051"/>
</kw>
<kw name="Verify Search Results" library="SearchResultsPage">
<arg>robot</arg>
<kw name="Page Should Contain" library="SeleniumLibrary">
<arg>${search_result} ${search_text}</arg>
<doc>Verifies that current page contains ``text``.</doc>
<msg timestamp="20221123 14:31:13.083" level="INFO">Current page contains text 'results for robot'.</msg>
<status status="PASS" starttime="20221123 14:31:13.052" endtime="20221123 14:31:13.083"/>
</kw>
<status status="PASS" starttime="20221123 14:31:13.052" endtime="20221123 14:31:13.083"/>
</kw>
<kw name="Close the browser" library="CommonFunctionality" type="TEARDOWN">
<kw name="Close Browser" library="SeleniumLibrary">
<doc>Closes the current browser.</doc>
<status status="PASS" starttime="20221123 14:31:13.084" endtime="20221123 14:31:13.253"/>
</kw>
<status status="PASS" starttime="20221123 14:31:13.083" endtime="20221123 14:31:13.253"/>
</kw>
<status status="PASS" starttime="20221123 14:31:04.865" endtime="20221123 14:31:13.253"/>
</test>
<test id="s1-t2" name="Verify basic search functionality2" line="17">
<kw name="Open URL" library="CommonFunctionality" type="SETUP">
<kw name="Open Browser" library="SeleniumLibrary">
<arg>${url.${env}}</arg>
<arg>chrome</arg>
<doc>Opens a new browser instance to the optional ``url``.</doc>
<msg timestamp="20221123 14:31:13.256" level="INFO">Opening browser 'chrome' to base url 'https://www.ebay.com'.</msg>
<status status="PASS" starttime="20221123 14:31:13.255" endtime="20221123 14:31:17.991"/>
</kw>
<kw name="Maximize Browser Window" library="SeleniumLibrary">
<doc>Maximizes current browser window.</doc>
<status status="PASS" starttime="20221123 14:31:17.991" endtime="20221123 14:31:18.180"/>
</kw>
<status status="PASS" starttime="20221123 14:31:13.255" endtime="20221123 14:31:18.181"/>
</kw>
<kw name="Input Search Text and Click Search" library="HeaderPage">
<arg>books</arg>
<kw name="Input Text" library="SeleniumLibrary">
<arg>${HomePageSearchTextBox}</arg>
<arg>${search_text}</arg>
<doc>Types the given ``text`` into the text field identified by ``locator``.</doc>
<msg timestamp="20221123 14:31:18.182" level="INFO">Typing text 'books' into text field 'xpath://*[@id='gh-ac']'.</msg>
<status status="PASS" starttime="20221123 14:31:18.181" endtime="20221123 14:31:18.345"/>
</kw>
<kw name="Press Keys" library="SeleniumLibrary">
<arg>${HomePageSearchButton}</arg>
<arg>[Return]</arg>
<doc>Simulates the user pressing key(s) to an element or on the active browser.</doc>
<msg timestamp="20221123 14:31:18.345" level="INFO">Sending key(s) ('[Return]',) to xpath://*[@id='gh-btn'] element.</msg>
<msg timestamp="20221123 14:31:23.466" level="INFO">Sending keys [Return]</msg>
<status status="PASS" starttime="20221123 14:31:18.345" endtime="20221123 14:31:23.561"/>
</kw>
<status status="PASS" starttime="20221123 14:31:18.181" endtime="20221123 14:31:23.561"/>
</kw>
<kw name="Verify Search Results" library="SearchResultsPage">
<arg>books</arg>
<kw name="Page Should Contain" library="SeleniumLibrary">
<arg>${search_result} ${search_text}</arg>
<doc>Verifies that current page contains ``text``.</doc>
<msg timestamp="20221123 14:31:23.582" level="INFO">Current page contains text 'results for books'.</msg>
<status status="PASS" starttime="20221123 14:31:23.561" endtime="20221123 14:31:23.582"/>
</kw>
<status status="PASS" starttime="20221123 14:31:23.561" endtime="20221123 14:31:23.582"/>
</kw>
<kw name="Close the browser" library="CommonFunctionality" type="TEARDOWN">
<kw name="Close Browser" library="SeleniumLibrary">
<doc>Closes the current browser.</doc>
<status status="PASS" starttime="20221123 14:31:23.583" endtime="20221123 14:31:23.718"/>
</kw>
<status status="PASS" starttime="20221123 14:31:23.583" endtime="20221123 14:31:23.719"/>
</kw>
<status status="PASS" starttime="20221123 14:31:13.254" endtime="20221123 14:31:23.719"/>
</test>
<test id="s1-t3" name="Verify basic search functionality3" line="21">
<kw name="Open URL" library="CommonFunctionality" type="SETUP">
<kw name="Open Browser" library="SeleniumLibrary">
<arg>${url.${env}}</arg>
<arg>chrome</arg>
<doc>Opens a new browser instance to the optional ``url``.</doc>
<msg timestamp="20221123 14:31:23.722" level="INFO">Opening browser 'chrome' to base url 'https://www.ebay.com'.</msg>
<status status="PASS" starttime="20221123 14:31:23.721" endtime="20221123 14:31:27.864"/>
</kw>
<kw name="Maximize Browser Window" library="SeleniumLibrary">
<doc>Maximizes current browser window.</doc>
<status status="PASS" starttime="20221123 14:31:27.864" endtime="20221123 14:31:28.055"/>
</kw>
<status status="PASS" starttime="20221123 14:31:23.721" endtime="20221123 14:31:28.056"/>
</kw>
<kw name="Input Search Text and Click Search" library="HeaderPage">
<arg>travel</arg>
<kw name="Input Text" library="SeleniumLibrary">
<arg>${HomePageSearchTextBox}</arg>
<arg>${search_text}</arg>
<doc>Types the given ``text`` into the text field identified by ``locator``.</doc>
<msg timestamp="20221123 14:31:28.057" level="INFO">Typing text 'travel' into text field 'xpath://*[@id='gh-ac']'.</msg>
<status status="PASS" starttime="20221123 14:31:28.056" endtime="20221123 14:31:28.182"/>
</kw>
<kw name="Press Keys" library="SeleniumLibrary">
<arg>${HomePageSearchButton}</arg>
<arg>[Return]</arg>
<doc>Simulates the user pressing key(s) to an element or on the active browser.</doc>
<msg timestamp="20221123 14:31:28.183" level="INFO">Sending key(s) ('[Return]',) to xpath://*[@id='gh-btn'] element.</msg>
<msg timestamp="20221123 14:31:31.624" level="INFO">Sending keys [Return]</msg>
<status status="PASS" starttime="20221123 14:31:28.182" endtime="20221123 14:31:31.729"/>
</kw>
<status status="PASS" starttime="20221123 14:31:28.056" endtime="20221123 14:31:31.729"/>
</kw>
<kw name="Verify Search Results" library="SearchResultsPage">
<arg>travel</arg>
<kw name="Page Should Contain" library="SeleniumLibrary">
<arg>${search_result} ${search_text}</arg>
<doc>Verifies that current page contains ``text``.</doc>
<msg timestamp="20221123 14:31:31.775" level="INFO">Current page contains text 'results for travel'.</msg>
<status status="PASS" starttime="20221123 14:31:31.730" endtime="20221123 14:31:31.775"/>
</kw>
<status status="PASS" starttime="20221123 14:31:31.730" endtime="20221123 14:31:31.775"/>
</kw>
<kw name="Close the browser" library="CommonFunctionality" type="TEARDOWN">
<kw name="Close Browser" library="SeleniumLibrary">
<doc>Closes the current browser.</doc>
<status status="PASS" starttime="20221123 14:31:31.775" endtime="20221123 14:31:31.915"/>
</kw>
<status status="PASS" starttime="20221123 14:31:31.775" endtime="20221123 14:31:31.915"/>
</kw>
<status status="PASS" starttime="20221123 14:31:23.720" endtime="20221123 14:31:31.915"/>
</test>
<test id="s1-t4" name="Verify advanced search functionality" line="25">
<kw name="Open URL" library="CommonFunctionality" type="SETUP">
<kw name="Open Browser" library="SeleniumLibrary">
<arg>${url.${env}}</arg>
<arg>chrome</arg>
<doc>Opens a new browser instance to the optional ``url``.</doc>
<msg timestamp="20221123 14:31:31.919" level="INFO">Opening browser 'chrome' to base url 'https://www.ebay.com'.</msg>
<status status="PASS" starttime="20221123 14:31:31.918" endtime="20221123 14:31:35.888"/>
</kw>
<kw name="Maximize Browser Window" library="SeleniumLibrary">
<doc>Maximizes current browser window.</doc>
<status status="PASS" starttime="20221123 14:31:35.889" endtime="20221123 14:31:36.126"/>
</kw>
<status status="PASS" starttime="20221123 14:31:31.917" endtime="20221123 14:31:36.127"/>
</kw>
<kw name="Click on Advanced Search Link" library="HeaderPage">
<kw name="Click Element" library="SeleniumLibrary">
<arg>${HomePageAdvancedSearchLink}</arg>
<doc>Click the element identified by ``locator``.</doc>
<msg timestamp="20221123 14:31:36.128" level="INFO">Clicking element 'xpath://*[@id='gh-as-a']'.</msg>
<status status="PASS" starttime="20221123 14:31:36.127" endtime="20221123 14:31:37.140"/>
</kw>
<status status="PASS" starttime="20221123 14:31:36.127" endtime="20221123 14:31:37.140"/>
</kw>
<kw name="Close the browser" library="CommonFunctionality" type="TEARDOWN">
<kw name="Close Browser" library="SeleniumLibrary">
<doc>Closes the current browser.</doc>
<status status="PASS" starttime="20221123 14:31:37.140" endtime="20221123 14:31:37.294"/>
</kw>
<status status="PASS" starttime="20221123 14:31:37.140" endtime="20221123 14:31:37.294"/>
</kw>
<status status="PASS" starttime="20221123 14:31:31.916" endtime="20221123 14:31:37.294"/>
</test>
<doc>Basic Search Funcionality</doc>
<status status="PASS" starttime="20221123 14:31:04.660" endtime="20221123 14:31:37.295"/>
</suite>
<statistics>
<total>
<stat pass="4" fail="0" skip="0">All Tests</stat>
</total>
<tag>
</tag>
<suite>
<stat pass="4" fail="0" skip="0" id="s1" name="Verify search functionality">Verify search functionality</stat>
</suite>
</statistics>
<errors>
</errors>
</robot>
