<?xml version="1.0" encoding="UTF-8"?>
<robot generator="Robot 5.0.1 (Python 3.10.6 on darwin)" generated="20221128 13:50:29.332" rpa="false" schemaversion="3">
<suite id="s1" name="WorkingWithWindows" source="/Users/muhammad.ibrahim/PycharmProjects/RobotFrameworkTutorial/Tests/Practices/WorkingWithWindows.robot">
<test id="s1-t1" name="This is a test case for practicing window keywords" line="7">
<kw name="Open Browser" library="SeleniumLibrary">
<arg>https://salesforce.com</arg>
<arg>chrome</arg>
<arg>alias=ChromeRCV</arg>
<doc>Opens a new browser instance to the optional ``url``.</doc>
<msg timestamp="20221128 13:50:29.534" level="INFO">Opening browser 'chrome' to base url 'https://salesforce.com'.</msg>
<status status="PASS" starttime="20221128 13:50:29.533" endtime="20221128 13:50:35.654"/>
</kw>
<kw name="Maximize Browser Window" library="SeleniumLibrary">
<doc>Maximizes current browser window.</doc>
<status status="PASS" starttime="20221128 13:50:35.655" endtime="20221128 13:50:35.827"/>
</kw>
<kw name="Wait Until Element Is Visible" library="SeleniumLibrary">
<arg>css:header &gt; div &gt; div.c360-nav__wrapper &gt; nav.utility-nav &gt; div &gt; hgf-button</arg>
<doc>Waits until the element ``locator`` is visible.</doc>
<msg timestamp="20221128 13:50:41.691" level="INFO" html="true">&lt;/td&gt;&lt;/tr&gt;&lt;tr&gt;&lt;td colspan="3"&gt;&lt;a href="selenium-screenshot-6.png"&gt;&lt;img src="selenium-screenshot-6.png" width="800px"&gt;&lt;/a&gt;</msg>
<msg timestamp="20221128 13:50:41.692" level="FAIL">Element 'css:header &gt; div &gt; div.c360-nav__wrapper &gt; nav.utility-nav &gt; div &gt; hgf-button' not visible after 5 seconds.</msg>
<status status="FAIL" starttime="20221128 13:50:35.828" endtime="20221128 13:50:41.696"/>
</kw>
<kw name="Click Element" library="SeleniumLibrary">
<arg>css:header &gt; div &gt; div.c360-nav__wrapper &gt; nav.utility-nav &gt; div &gt; hgf-button</arg>
<doc>Click the element identified by ``locator``.</doc>
<status status="NOT RUN" starttime="20221128 13:50:41.696" endtime="20221128 13:50:41.696"/>
</kw>
<kw name="Get Window Hnadles">
<var>@{WindowHandles}</var>
<status status="NOT RUN" starttime="20221128 13:50:41.699" endtime="20221128 13:50:41.699"/>
</kw>
<kw name="Sleep" library="BuiltIn">
<arg>3s</arg>
<doc>Pauses the test executed for the given time.</doc>
<status status="NOT RUN" starttime="20221128 13:50:41.699" endtime="20221128 13:50:41.699"/>
</kw>
<kw name="Get Window Identifiers" library="SeleniumLibrary">
<var>@{WindowIdentifier}</var>
<doc>Returns and logs id attributes of all windows of the selected browser.</doc>
<status status="NOT RUN" starttime="20221128 13:50:41.699" endtime="20221128 13:50:41.699"/>
</kw>
<kw name="Sleep" library="BuiltIn">
<arg>3s</arg>
<doc>Pauses the test executed for the given time.</doc>
<status status="NOT RUN" starttime="20221128 13:50:41.699" endtime="20221128 13:50:41.699"/>
</kw>
<kw name="Get Window Names" library="SeleniumLibrary">
<var>@{WindowNames}</var>
<doc>Returns and logs names of all windows of the selected browser.</doc>
<status status="NOT RUN" starttime="20221128 13:50:41.699" endtime="20221128 13:50:41.700"/>
</kw>
<kw name="Sleep" library="BuiltIn">
<arg>3s</arg>
<doc>Pauses the test executed for the given time.</doc>
<status status="NOT RUN" starttime="20221128 13:50:41.700" endtime="20221128 13:50:41.700"/>
</kw>
<kw name="Get Window Titles" library="SeleniumLibrary">
<var>@{WindowTitles}</var>
<doc>Returns and logs titles of all windows of the selected browser.</doc>
<status status="NOT RUN" starttime="20221128 13:50:41.700" endtime="20221128 13:50:41.700"/>
</kw>
<kw name="Sleep" library="BuiltIn">
<arg>3s</arg>
<doc>Pauses the test executed for the given time.</doc>
<status status="NOT RUN" starttime="20221128 13:50:41.700" endtime="20221128 13:50:41.700"/>
</kw>
<kw name="Set Window Position" library="SeleniumLibrary">
<arg>100</arg>
<arg>200</arg>
<doc>Sets window position using ``x`` and ``y`` coordinates.</doc>
<status status="NOT RUN" starttime="20221128 13:50:41.700" endtime="20221128 13:50:41.700"/>
</kw>
<kw name="${x} ${y}=">
<arg>Get Window Position</arg>
<status status="NOT RUN" starttime="20221128 13:50:41.703" endtime="20221128 13:50:41.703"/>
</kw>
<kw name="Log" library="BuiltIn">
<arg>${x}</arg>
<doc>Logs the given message with the given level.</doc>
<status status="NOT RUN" starttime="20221128 13:50:41.703" endtime="20221128 13:50:41.703"/>
</kw>
<kw name="Log" library="BuiltIn">
<arg>${y}</arg>
<doc>Logs the given message with the given level.</doc>
<status status="NOT RUN" starttime="20221128 13:50:41.703" endtime="20221128 13:50:41.703"/>
</kw>
<kw name="Sleep" library="BuiltIn">
<arg>3s</arg>
<doc>Pauses the test executed for the given time.</doc>
<status status="NOT RUN" starttime="20221128 13:50:41.703" endtime="20221128 13:50:41.703"/>
</kw>
<kw name="Set Window Size" library="SeleniumLibrary">
<arg>800</arg>
<arg>600</arg>
<doc>Sets current windows size to given ``width`` and ``height``.</doc>
<status status="NOT RUN" starttime="20221128 13:50:41.703" endtime="20221128 13:50:41.703"/>
</kw>
<kw name="${width} ${height}=">
<arg>Get Window Size</arg>
<status status="NOT RUN" starttime="20221128 13:50:41.706" endtime="20221128 13:50:41.706"/>
</kw>
<kw name="Log" library="BuiltIn">
<arg>${width}</arg>
<doc>Logs the given message with the given level.</doc>
<status status="NOT RUN" starttime="20221128 13:50:41.706" endtime="20221128 13:50:41.706"/>
</kw>
<kw name="Log" library="BuiltIn">
<arg>${height}</arg>
<doc>Logs the given message with the given level.</doc>
<status status="NOT RUN" starttime="20221128 13:50:41.706" endtime="20221128 13:50:41.706"/>
</kw>
<kw name="Sleep" library="BuiltIn">
<arg>3s</arg>
<doc>Pauses the test executed for the given time.</doc>
<status status="NOT RUN" starttime="20221128 13:50:41.707" endtime="20221128 13:50:41.707"/>
</kw>
<kw name="Switch Window" library="SeleniumLibrary">
<arg>@{WindowHandles}[1]</arg>
<doc>Switches to browser window matching ``locator``.</doc>
<status status="NOT RUN" starttime="20221128 13:50:41.707" endtime="20221128 13:50:41.707"/>
</kw>
<kw name="Log" library="BuiltIn">
<arg>@{WindowHandles}[1]</arg>
<doc>Logs the given message with the given level.</doc>
<status status="NOT RUN" starttime="20221128 13:50:41.707" endtime="20221128 13:50:41.707"/>
</kw>
<kw name="Sleep" library="BuiltIn">
<arg>3s</arg>
<doc>Pauses the test executed for the given time.</doc>
<status status="NOT RUN" starttime="20221128 13:50:41.707" endtime="20221128 13:50:41.707"/>
</kw>
<kw name="Close Window" library="SeleniumLibrary">
<doc>Closes currently opened and selected browser window/tab.</doc>
<status status="NOT RUN" starttime="20221128 13:50:41.707" endtime="20221128 13:50:41.707"/>
</kw>
<kw name="Sleep" library="BuiltIn">
<arg>3s</arg>
<doc>Pauses the test executed for the given time.</doc>
<status status="NOT RUN" starttime="20221128 13:50:41.707" endtime="20221128 13:50:41.707"/>
</kw>
<kw name="Switch Window" library="SeleniumLibrary">
<arg>@{WindowHandles}[0]</arg>
<doc>Switches to browser window matching ``locator``.</doc>
<status status="NOT RUN" starttime="20221128 13:50:41.707" endtime="20221128 13:50:41.707"/>
</kw>
<kw name="Close Window" library="SeleniumLibrary">
<doc>Closes currently opened and selected browser window/tab.</doc>
<status status="NOT RUN" starttime="20221128 13:50:41.707" endtime="20221128 13:50:41.707"/>
</kw>
<status status="FAIL" starttime="20221128 13:50:29.533" endtime="20221128 13:50:41.708">Element 'css:header &gt; div &gt; div.c360-nav__wrapper &gt; nav.utility-nav &gt; div &gt; hgf-button' not visible after 5 seconds.</status>
</test>
<status status="FAIL" starttime="20221128 13:50:29.333" endtime="20221128 13:50:41.709"/>
</suite>
<statistics>
<total>
<stat pass="0" fail="1" skip="0">All Tests</stat>
</total>
<tag>
</tag>
<suite>
<stat pass="0" fail="1" skip="0" id="s1" name="WorkingWithWindows">WorkingWithWindows</stat>
</suite>
</statistics>
<errors>
</errors>
</robot>
