<?xml version="1.0" encoding="UTF-8"?>
<robot generator="Robot 5.0.1 (Python 3.10.6 on darwin)" generated="20221121 18:43:48.002" rpa="false" schemaversion="3">
<suite id="s1" name="BasicSearch" source="/Users/muhammad.ibrahim/PycharmProjects/RobotFrameworkTutorial/Tests/eBay/BasicSearch.robot">
<test id="s1-t1" name="Verify basis search functionality for eBay" line="8">
<kw name="Open URL">
<kw name="Open Browser" library="SeleniumLibrary">
<arg>https://www.ebay.com</arg>
<arg>chrome</arg>
<doc>Opens a new browser instance to the optional ``url``.</doc>
<msg timestamp="20221121 18:43:48.228" level="INFO">Opening browser 'chrome' to base url 'https://www.ebay.com'.</msg>
<status status="PASS" starttime="20221121 18:43:48.228" endtime="20221121 18:43:52.814"/>
</kw>
<status status="PASS" starttime="20221121 18:43:48.228" endtime="20221121 18:43:52.815"/>
</kw>
<kw name="Verify Search Result">
<kw name="Input Text" library="SeleniumLibrary">
<arg>//*[@id="gh-ac"]</arg>
<arg>mobile</arg>
<doc>Types the given ``text`` into the text field identified by ``locator``.</doc>
<msg timestamp="20221121 18:43:52.816" level="INFO">Typing text 'mobile' into text field '//*[@id="gh-ac"]'.</msg>
<status status="PASS" starttime="20221121 18:43:52.816" endtime="20221121 18:43:52.965"/>
</kw>
<kw name="Press Keys" library="SeleniumLibrary">
<arg>//*[@id="gh-btn"]</arg>
<arg>[return]</arg>
<doc>Simulates the user pressing key(s) to an element or on the active browser.</doc>
<msg timestamp="20221121 18:43:52.965" level="INFO">Sending key(s) ('[return]',) to //*[@id="gh-btn"] element.</msg>
<msg timestamp="20221121 18:43:56.449" level="INFO">Sending keys [return]</msg>
<status status="PASS" starttime="20221121 18:43:52.965" endtime="20221121 18:43:56.461"/>
</kw>
<kw name="Page Should Contain" library="SeleniumLibrary">
<arg>results for mobile</arg>
<doc>Verifies that current page contains ``text``.</doc>
<msg timestamp="20221121 18:43:56.549" level="INFO">Current page contains text 'results for mobile'.</msg>
<status status="PASS" starttime="20221121 18:43:56.461" endtime="20221121 18:43:56.549"/>
</kw>
<status status="PASS" starttime="20221121 18:43:52.815" endtime="20221121 18:43:56.549"/>
</kw>
<kw name="Close the browser">
<kw name="Close Browser" library="SeleniumLibrary">
<doc>Closes the current browser.</doc>
<status status="PASS" starttime="20221121 18:43:56.550" endtime="20221121 18:43:56.708"/>
</kw>
<status status="PASS" starttime="20221121 18:43:56.549" endtime="20221121 18:43:56.708"/>
</kw>
<status status="PASS" starttime="20221121 18:43:48.227" endtime="20221121 18:43:56.709"/>
</test>
<doc>Basic Search Funcionality</doc>
<status status="PASS" starttime="20221121 18:43:48.004" endtime="20221121 18:43:56.710"/>
</suite>
<statistics>
<total>
<stat pass="1" fail="0" skip="0">All Tests</stat>
</total>
<tag>
</tag>
<suite>
<stat pass="1" fail="0" skip="0" id="s1" name="BasicSearch">BasicSearch</stat>
</suite>
</statistics>
<errors>
</errors>
</robot>
