<?xml version="1.0" encoding="UTF-8"?>
<robot generator="Robot 5.0.1 (Python 3.10.6 on darwin)" generated="20221201 14:56:55.976" rpa="false" schemaversion="3">
<suite id="s1" name="DDT-XLSX" source="/Users/muhammad.ibrahim/PycharmProjects/RobotFrameworkTutorial/Tests/Practices/DDT-XLSX.robot">
<kw name="Start TestCase" library="common" type="SETUP">
<kw name="Open Browser" library="SeleniumLibrary">
<arg>${url}</arg>
<arg>${browser}</arg>
<doc>Opens a new browser instance to the optional ``url``.</doc>
<msg timestamp="20221201 14:56:56.675" level="INFO">Opening browser 'chrome' to base url 'https://www.saucedemo.com/'.</msg>
<status status="PASS" starttime="20221201 14:56:56.675" endtime="20221201 14:56:59.376"/>
</kw>
<kw name="Maximize Browser Window" library="SeleniumLibrary">
<doc>Maximizes current browser window.</doc>
<status status="PASS" starttime="20221201 14:56:59.376" endtime="20221201 14:56:59.860"/>
</kw>
<kw name="Sleep" library="BuiltIn">
<arg>2s</arg>
<doc>Pauses the test executed for the given time.</doc>
<msg timestamp="20221201 14:57:01.861" level="INFO">Slept 2 seconds</msg>
<status status="PASS" starttime="20221201 14:56:59.860" endtime="20221201 14:57:01.861"/>
</kw>
<status status="PASS" starttime="20221201 14:56:56.674" endtime="20221201 14:57:01.862"/>
</kw>
<test id="s1-t1" name="Verify Login Fails with Invalid Creds" line="12">
<kw name="Invalid Login Scenarios">
<arg>Epic sadface: Username is required</arg>
<kw name="Input Text" library="SeleniumLibrary">
<arg>${username_textbox}</arg>
<arg>${username}</arg>
<doc>Types the given ``text`` into the text field identified by ``locator``.</doc>
<msg timestamp="20221201 14:57:01.866" level="INFO">Typing text '' into text field 'id:user-name'.</msg>
<status status="PASS" starttime="20221201 14:57:01.866" endtime="20221201 14:57:01.975"/>
</kw>
<kw name="Input Text" library="SeleniumLibrary">
<arg>${password_textbox}</arg>
<arg>${password}</arg>
<doc>Types the given ``text`` into the text field identified by ``locator``.</doc>
<msg timestamp="20221201 14:57:01.975" level="INFO">Typing text '' into text field 'id:password'.</msg>
<status status="PASS" starttime="20221201 14:57:01.975" endtime="20221201 14:57:02.031"/>
</kw>
<kw name="Click Button" library="SeleniumLibrary">
<arg>${login_button}</arg>
<doc>Clicks the button identified by ``locator``.</doc>
<msg timestamp="20221201 14:57:02.032" level="INFO">Clicking button 'xpath://*[@id="login-button"]'.</msg>
<status status="PASS" starttime="20221201 14:57:02.031" endtime="20221201 14:57:02.095"/>
</kw>
<kw name="Sleep" library="BuiltIn">
<arg>2s</arg>
<doc>Pauses the test executed for the given time.</doc>
<msg timestamp="20221201 14:57:04.097" level="INFO">Slept 2 seconds</msg>
<status status="PASS" starttime="20221201 14:57:02.095" endtime="20221201 14:57:04.098"/>
</kw>
<kw name="Element Should Contain" library="SeleniumLibrary">
<arg>${text_error}</arg>
<arg>${error_msg}</arg>
<doc>Verifies that element ``locator`` contains text ``expected``.</doc>
<msg timestamp="20221201 14:57:04.529" level="INFO">Element 'xpath://*[@id="login_button_container"]/div/form/div[3]' contains text 'Epic sadface: Username is required'.</msg>
<status status="PASS" starttime="20221201 14:57:04.098" endtime="20221201 14:57:04.529"/>
</kw>
<status status="PASS" starttime="20221201 14:57:01.865" endtime="20221201 14:57:04.529"/>
</kw>
<status status="PASS" starttime="20221201 14:57:01.862" endtime="20221201 14:57:04.530"/>
</test>
<test id="s1-t2" name="Verify Login Fails with Invalid Creds" line="12">
<kw name="Invalid Login Scenarios">
<arg>wrong user</arg>
<arg>secret_sauce</arg>
<arg>Epic sadface: Username and password do not match any user in this service</arg>
<kw name="Input Text" library="SeleniumLibrary">
<arg>${username_textbox}</arg>
<arg>${username}</arg>
<doc>Types the given ``text`` into the text field identified by ``locator``.</doc>
<msg timestamp="20221201 14:57:04.533" level="INFO">Typing text 'wrong user' into text field 'id:user-name'.</msg>
<status status="PASS" starttime="20221201 14:57:04.532" endtime="20221201 14:57:04.665"/>
</kw>
<kw name="Input Text" library="SeleniumLibrary">
<arg>${password_textbox}</arg>
<arg>${password}</arg>
<doc>Types the given ``text`` into the text field identified by ``locator``.</doc>
<msg timestamp="20221201 14:57:04.665" level="INFO">Typing text 'secret_sauce' into text field 'id:password'.</msg>
<status status="PASS" starttime="20221201 14:57:04.665" endtime="20221201 14:57:04.725"/>
</kw>
<kw name="Click Button" library="SeleniumLibrary">
<arg>${login_button}</arg>
<doc>Clicks the button identified by ``locator``.</doc>
<msg timestamp="20221201 14:57:04.726" level="INFO">Clicking button 'xpath://*[@id="login-button"]'.</msg>
<status status="PASS" starttime="20221201 14:57:04.726" endtime="20221201 14:57:04.755"/>
</kw>
<kw name="Sleep" library="BuiltIn">
<arg>2s</arg>
<doc>Pauses the test executed for the given time.</doc>
<msg timestamp="20221201 14:57:06.756" level="INFO">Slept 2 seconds</msg>
<status status="PASS" starttime="20221201 14:57:04.756" endtime="20221201 14:57:06.756"/>
</kw>
<kw name="Element Should Contain" library="SeleniumLibrary">
<arg>${text_error}</arg>
<arg>${error_msg}</arg>
<doc>Verifies that element ``locator`` contains text ``expected``.</doc>
<msg timestamp="20221201 14:57:06.772" level="INFO">Element 'xpath://*[@id="login_button_container"]/div/form/div[3]' contains text 'Epic sadface: Username and password do not match any user in this service'.</msg>
<status status="PASS" starttime="20221201 14:57:06.756" endtime="20221201 14:57:06.772"/>
</kw>
<status status="PASS" starttime="20221201 14:57:04.532" endtime="20221201 14:57:06.772"/>
</kw>
<status status="PASS" starttime="20221201 14:57:04.530" endtime="20221201 14:57:06.772"/>
</test>
<test id="s1-t3" name="Verify Login Fails with Invalid Creds" line="12">
<kw name="Invalid Login Scenarios">
<arg>standard_user</arg>
<arg>wrong pass</arg>
<arg>Epic sadface: Username and password do not match any user in this service</arg>
<kw name="Input Text" library="SeleniumLibrary">
<arg>${username_textbox}</arg>
<arg>${username}</arg>
<doc>Types the given ``text`` into the text field identified by ``locator``.</doc>
<msg timestamp="20221201 14:57:06.775" level="INFO">Typing text 'standard_user' into text field 'id:user-name'.</msg>
<status status="PASS" starttime="20221201 14:57:06.774" endtime="20221201 14:57:06.895"/>
</kw>
<kw name="Input Text" library="SeleniumLibrary">
<arg>${password_textbox}</arg>
<arg>${password}</arg>
<doc>Types the given ``text`` into the text field identified by ``locator``.</doc>
<msg timestamp="20221201 14:57:06.895" level="INFO">Typing text 'wrong pass' into text field 'id:password'.</msg>
<status status="PASS" starttime="20221201 14:57:06.895" endtime="20221201 14:57:06.969"/>
</kw>
<kw name="Click Button" library="SeleniumLibrary">
<arg>${login_button}</arg>
<doc>Clicks the button identified by ``locator``.</doc>
<msg timestamp="20221201 14:57:06.969" level="INFO">Clicking button 'xpath://*[@id="login-button"]'.</msg>
<status status="PASS" starttime="20221201 14:57:06.969" endtime="20221201 14:57:07.009"/>
</kw>
<kw name="Sleep" library="BuiltIn">
<arg>2s</arg>
<doc>Pauses the test executed for the given time.</doc>
<msg timestamp="20221201 14:57:09.011" level="INFO">Slept 2 seconds</msg>
<status status="PASS" starttime="20221201 14:57:07.009" endtime="20221201 14:57:09.011"/>
</kw>
<kw name="Element Should Contain" library="SeleniumLibrary">
<arg>${text_error}</arg>
<arg>${error_msg}</arg>
<doc>Verifies that element ``locator`` contains text ``expected``.</doc>
<msg timestamp="20221201 14:57:09.027" level="INFO">Element 'xpath://*[@id="login_button_container"]/div/form/div[3]' contains text 'Epic sadface: Username and password do not match any user in this service'.</msg>
<status status="PASS" starttime="20221201 14:57:09.012" endtime="20221201 14:57:09.027"/>
</kw>
<status status="PASS" starttime="20221201 14:57:06.774" endtime="20221201 14:57:09.027"/>
</kw>
<status status="PASS" starttime="20221201 14:57:06.773" endtime="20221201 14:57:09.027"/>
</test>
<test id="s1-t4" name="Verify Login Fails with Invalid Creds" line="12">
<kw name="Invalid Login Scenarios">
<arg>wrong user</arg>
<arg>wrong pass</arg>
<arg>Epic sadface: Username and password do not match any user in this service</arg>
<kw name="Input Text" library="SeleniumLibrary">
<arg>${username_textbox}</arg>
<arg>${username}</arg>
<doc>Types the given ``text`` into the text field identified by ``locator``.</doc>
<msg timestamp="20221201 14:57:09.030" level="INFO">Typing text 'wrong user' into text field 'id:user-name'.</msg>
<status status="PASS" starttime="20221201 14:57:09.030" endtime="20221201 14:57:09.166"/>
</kw>
<kw name="Input Text" library="SeleniumLibrary">
<arg>${password_textbox}</arg>
<arg>${password}</arg>
<doc>Types the given ``text`` into the text field identified by ``locator``.</doc>
<msg timestamp="20221201 14:57:09.166" level="INFO">Typing text 'wrong pass' into text field 'id:password'.</msg>
<status status="PASS" starttime="20221201 14:57:09.166" endtime="20221201 14:57:09.244"/>
</kw>
<kw name="Click Button" library="SeleniumLibrary">
<arg>${login_button}</arg>
<doc>Clicks the button identified by ``locator``.</doc>
<msg timestamp="20221201 14:57:09.244" level="INFO">Clicking button 'xpath://*[@id="login-button"]'.</msg>
<status status="PASS" starttime="20221201 14:57:09.244" endtime="20221201 14:57:09.286"/>
</kw>
<kw name="Sleep" library="BuiltIn">
<arg>2s</arg>
<doc>Pauses the test executed for the given time.</doc>
<msg timestamp="20221201 14:57:11.286" level="INFO">Slept 2 seconds</msg>
<status status="PASS" starttime="20221201 14:57:09.286" endtime="20221201 14:57:11.287"/>
</kw>
<kw name="Element Should Contain" library="SeleniumLibrary">
<arg>${text_error}</arg>
<arg>${error_msg}</arg>
<doc>Verifies that element ``locator`` contains text ``expected``.</doc>
<msg timestamp="20221201 14:57:11.302" level="INFO">Element 'xpath://*[@id="login_button_container"]/div/form/div[3]' contains text 'Epic sadface: Username and password do not match any user in this service'.</msg>
<status status="PASS" starttime="20221201 14:57:11.287" endtime="20221201 14:57:11.302"/>
</kw>
<status status="PASS" starttime="20221201 14:57:09.029" endtime="20221201 14:57:11.302"/>
</kw>
<status status="PASS" starttime="20221201 14:57:09.028" endtime="20221201 14:57:11.302"/>
</test>
<test id="s1-t5" name="Verify Login Fails with Invalid Creds" line="12">
<kw name="Invalid Login Scenarios">
<arg>locked_out_user</arg>
<arg>secret_sauce</arg>
<arg>Epic sadface: Sorry, this user has been locked out.</arg>
<kw name="Input Text" library="SeleniumLibrary">
<arg>${username_textbox}</arg>
<arg>${username}</arg>
<doc>Types the given ``text`` into the text field identified by ``locator``.</doc>
<msg timestamp="20221201 14:57:11.305" level="INFO">Typing text 'locked_out_user' into text field 'id:user-name'.</msg>
<status status="PASS" starttime="20221201 14:57:11.304" endtime="20221201 14:57:11.434"/>
</kw>
<kw name="Input Text" library="SeleniumLibrary">
<arg>${password_textbox}</arg>
<arg>${password}</arg>
<doc>Types the given ``text`` into the text field identified by ``locator``.</doc>
<msg timestamp="20221201 14:57:11.435" level="INFO">Typing text 'secret_sauce' into text field 'id:password'.</msg>
<status status="PASS" starttime="20221201 14:57:11.435" endtime="20221201 14:57:11.509"/>
</kw>
<kw name="Click Button" library="SeleniumLibrary">
<arg>${login_button}</arg>
<doc>Clicks the button identified by ``locator``.</doc>
<msg timestamp="20221201 14:57:11.509" level="INFO">Clicking button 'xpath://*[@id="login-button"]'.</msg>
<status status="PASS" starttime="20221201 14:57:11.509" endtime="20221201 14:57:11.553"/>
</kw>
<kw name="Sleep" library="BuiltIn">
<arg>2s</arg>
<doc>Pauses the test executed for the given time.</doc>
<msg timestamp="20221201 14:57:13.556" level="INFO">Slept 2 seconds</msg>
<status status="PASS" starttime="20221201 14:57:11.554" endtime="20221201 14:57:13.556"/>
</kw>
<kw name="Element Should Contain" library="SeleniumLibrary">
<arg>${text_error}</arg>
<arg>${error_msg}</arg>
<doc>Verifies that element ``locator`` contains text ``expected``.</doc>
<msg timestamp="20221201 14:57:13.570" level="INFO">Element 'xpath://*[@id="login_button_container"]/div/form/div[3]' contains text 'Epic sadface: Sorry, this user has been locked out.'.</msg>
<status status="PASS" starttime="20221201 14:57:13.557" endtime="20221201 14:57:13.570"/>
</kw>
<status status="PASS" starttime="20221201 14:57:11.304" endtime="20221201 14:57:13.571"/>
</kw>
<status status="PASS" starttime="20221201 14:57:11.302" endtime="20221201 14:57:13.571"/>
</test>
<kw name="Finish TestCase" library="common" type="TEARDOWN">
<kw name="Close Browser" library="SeleniumLibrary">
<doc>Closes the current browser.</doc>
<status status="PASS" starttime="20221201 14:57:13.572" endtime="20221201 14:57:13.690"/>
</kw>
<status status="PASS" starttime="20221201 14:57:13.571" endtime="20221201 14:57:13.691"/>
</kw>
<status status="PASS" starttime="20221201 14:56:55.977" endtime="20221201 14:57:13.691"/>
</suite>
<statistics>
<total>
<stat pass="5" fail="0" skip="0">All Tests</stat>
</total>
<tag>
</tag>
<suite>
<stat pass="5" fail="0" skip="0" id="s1" name="DDT-XLSX">DDT-XLSX</stat>
</suite>
</statistics>
<errors>
<msg timestamp="20221201 14:57:04.530" level="WARN">Multiple tests with name 'Verify Login Fails with Invalid Creds' executed in suite 'DDT-XLSX'.</msg>
<msg timestamp="20221201 14:57:06.773" level="WARN">Multiple tests with name 'Verify Login Fails with Invalid Creds' executed in suite 'DDT-XLSX'.</msg>
<msg timestamp="20221201 14:57:09.028" level="WARN">Multiple tests with name 'Verify Login Fails with Invalid Creds' executed in suite 'DDT-XLSX'.</msg>
<msg timestamp="20221201 14:57:11.302" level="WARN">Multiple tests with name 'Verify Login Fails with Invalid Creds' executed in suite 'DDT-XLSX'.</msg>
</errors>
</robot>
