<?xml version="1.0" encoding="UTF-8"?>
<robot generator="Robot 5.0.1 (Python 3.10.6 on darwin)" generated="20221123 13:22:53.308" rpa="false" schemaversion="3">
<suite id="s1" name="VariableScope" source="/Users/muhammad.ibrahim/PycharmProjects/RobotFrameworkTutorial/Tests/Travel/VariableScope.robot">
<test id="s1-t1" name="Test case 1" line="7">
<kw name="Set Variable" library="BuiltIn">
<var>${demo_variable}</var>
<arg>This is a TESTCASE variable</arg>
<doc>Returns the given values which can then be assigned to a variables.</doc>
<msg timestamp="20221123 13:22:53.327" level="INFO">${demo_variable} = This is a TESTCASE variable</msg>
<status status="PASS" starttime="20221123 13:22:53.327" endtime="20221123 13:22:53.327"/>
</kw>
<kw name="Log" library="BuiltIn">
<arg>${DEMO_VARIABLE}</arg>
<doc>Logs the given message with the given level.</doc>
<msg timestamp="20221123 13:22:53.328" level="INFO">This is a TESTCASE variable</msg>
<status status="PASS" starttime="20221123 13:22:53.327" endtime="20221123 13:22:53.328"/>
</kw>
<status status="PASS" starttime="20221123 13:22:53.327" endtime="20221123 13:22:53.328"/>
</test>
<test id="s1-t2" name="Test case 2" line="11">
<kw name="Log" library="BuiltIn">
<arg>${DEMO_VARIABLE}</arg>
<doc>Logs the given message with the given level.</doc>
<msg timestamp="20221123 13:22:53.328" level="INFO">This is a GLOBAL variable</msg>
<status status="PASS" starttime="20221123 13:22:53.328" endtime="20221123 13:22:53.328"/>
</kw>
<status status="PASS" starttime="20221123 13:22:53.328" endtime="20221123 13:22:53.329"/>
</test>
<test id="s1-t3" name="Test case 3" line="14">
<kw name="This is demo keyword">
<kw name="Log" library="BuiltIn">
<arg>${DEMO_VARIABLE}</arg>
<doc>Logs the given message with the given level.</doc>
<msg timestamp="20221123 13:22:53.329" level="INFO">This is a KEYWORD variable</msg>
<status status="PASS" starttime="20221123 13:22:53.329" endtime="20221123 13:22:53.330"/>
</kw>
<status status="PASS" starttime="20221123 13:22:53.329" endtime="20221123 13:22:53.330"/>
</kw>
<status status="PASS" starttime="20221123 13:22:53.329" endtime="20221123 13:22:53.330"/>
</test>
<status status="PASS" starttime="20221123 13:22:53.310" endtime="20221123 13:22:53.330"/>
</suite>
<statistics>
<total>
<stat pass="3" fail="0" skip="0">All Tests</stat>
</total>
<tag>
</tag>
<suite>
<stat pass="3" fail="0" skip="0" id="s1" name="VariableScope">VariableScope</stat>
</suite>
</statistics>
<errors>
</errors>
</robot>
