<?xml version="1.0" encoding="UTF-8"?>
<robot generator="Robot 5.0.1 (Python 3.10.6 on darwin)" generated="20221127 16:07:37.683" rpa="false" schemaversion="3">
<suite id="s1" name="WorkingWithBrowsers" source="/Users/muhammad.ibrahim/PycharmProjects/RobotFrameworkTutorial/Tests/Practices/WorkingWithBrowsers.robot">
<test id="s1-t1" name="This is a test case for practicing browser operation keywords" line="6">
<kw name="Open Browser" library="SeleniumLibrary">
<arg>https:www.google.com</arg>
<arg>chrome</arg>
<arg>alias=ChromeRCV</arg>
<doc>Opens a new browser instance to the optional ``url``.</doc>
<msg timestamp="20221127 16:07:37.829" level="INFO">Opening browser 'chrome' to base url 'https:www.google.com'.</msg>
<status status="PASS" starttime="20221127 16:07:37.829" endtime="20221127 16:07:40.642"/>
</kw>
<kw name="Maximize Browser Window" library="SeleniumLibrary">
<doc>Maximizes current browser window.</doc>
<status status="PASS" starttime="20221127 16:07:40.642" endtime="20221127 16:07:40.773"/>
</kw>
<kw name="Open Browser" library="SeleniumLibrary">
<arg>about:blank</arg>
<arg>Firefox</arg>
<arg>alias=RCVFF</arg>
<doc>Opens a new browser instance to the optional ``url``.</doc>
<msg timestamp="20221127 16:07:40.774" level="INFO">Opening browser 'Firefox' to base url 'about:blank'.</msg>
<msg timestamp="20221127 16:07:40.775" level="INFO">Firefox driver log is always forced to to: /Users/muhammad.ibrahim/PycharmProjects/RobotFrameworkTutorial/results/geckodriver-7.log</msg>
<status status="PASS" starttime="20221127 16:07:40.773" endtime="20221127 16:07:43.650"/>
</kw>
<kw name="Get Browser Ids" library="SeleniumLibrary">
<var>@{browser_id}</var>
<doc>Returns index of all active browser as list.</doc>
<msg timestamp="20221127 16:07:43.651" level="INFO">@{browser_id} = [ 1 | 2 ]</msg>
<status status="PASS" starttime="20221127 16:07:43.650" endtime="20221127 16:07:43.651"/>
</kw>
<kw name="Log" library="BuiltIn">
<arg>${browser_id}</arg>
<doc>Logs the given message with the given level.</doc>
<msg timestamp="20221127 16:07:43.651" level="INFO">[1, 2]</msg>
<status status="PASS" starttime="20221127 16:07:43.651" endtime="20221127 16:07:43.651"/>
</kw>
<kw name="Get Browser Aliases" library="SeleniumLibrary">
<var>&amp;{alias}</var>
<doc>Returns aliases of all active browser that has an alias as NormalizedDict.
The dictionary contains the aliases as keys and the index as value.
This can be accessed as dictionary ``${aliases.key}`` or as list ``@{aliases}[0]``.</doc>
<msg timestamp="20221127 16:07:43.652" level="INFO">&amp;{alias} = { ChromeRCV=1 | RCVFF=2 }</msg>
<status status="PASS" starttime="20221127 16:07:43.651" endtime="20221127 16:07:43.652"/>
</kw>
<kw name="Log" library="BuiltIn">
<arg>${alias}</arg>
<doc>Logs the given message with the given level.</doc>
<msg timestamp="20221127 16:07:43.652" level="INFO">{'ChromeRCV': 1, 'RCVFF': 2}</msg>
<status status="PASS" starttime="20221127 16:07:43.652" endtime="20221127 16:07:43.652"/>
</kw>
<kw name="Switch Browser" library="SeleniumLibrary">
<arg>1</arg>
<doc>Switches between active browsers using ``index_or_alias``.</doc>
<status status="PASS" starttime="20221127 16:07:43.652" endtime="20221127 16:07:43.652"/>
</kw>
<kw name="Input Text" library="SeleniumLibrary">
<arg>xpath://input[@class='gLFyf']</arg>
<arg>test text</arg>
<doc>Types the given ``text`` into the text field identified by ``locator``.</doc>
<msg timestamp="20221127 16:07:43.653" level="INFO">Typing text 'test text' into text field 'xpath://input[@class='gLFyf']'.</msg>
<status status="PASS" starttime="20221127 16:07:43.652" endtime="20221127 16:07:43.765"/>
</kw>
<kw name="Sleep" library="BuiltIn">
<arg>4s</arg>
<doc>Pauses the test executed for the given time.</doc>
<msg timestamp="20221127 16:07:47.768" level="INFO">Slept 4 seconds</msg>
<status status="PASS" starttime="20221127 16:07:43.766" endtime="20221127 16:07:47.769"/>
</kw>
<kw name="Switch Browser" library="SeleniumLibrary">
<arg>${alias.RCVFF}</arg>
<doc>Switches between active browsers using ``index_or_alias``.</doc>
<status status="PASS" starttime="20221127 16:07:47.769" endtime="20221127 16:07:47.770"/>
</kw>
<kw name="Go To" library="SeleniumLibrary">
<arg>http://salesforce.com</arg>
<doc>Navigates the current browser window to the provided ``url``.</doc>
<msg timestamp="20221127 16:07:47.771" level="INFO">Opening url 'http://salesforce.com'</msg>
<status status="PASS" starttime="20221127 16:07:47.771" endtime="20221127 16:07:56.251"/>
</kw>
<kw name="Close All Browsers" library="SeleniumLibrary">
<doc>Closes all open browsers and resets the browser cache.</doc>
<status status="PASS" starttime="20221127 16:07:56.251" endtime="20221127 16:07:56.875"/>
</kw>
<status status="PASS" starttime="20221127 16:07:37.828" endtime="20221127 16:07:56.875"/>
</test>
<status status="PASS" starttime="20221127 16:07:37.684" endtime="20221127 16:07:56.876"/>
</suite>
<statistics>
<total>
<stat pass="1" fail="0" skip="0">All Tests</stat>
</total>
<tag>
</tag>
<suite>
<stat pass="1" fail="0" skip="0" id="s1" name="WorkingWithBrowsers">WorkingWithBrowsers</stat>
</suite>
</statistics>
<errors>
</errors>
</robot>
