<?xml version="1.0" encoding="UTF-8"?>
<robot generator="Robot 5.0.1 (Python 3.10.6 on darwin)" generated="20221122 20:01:23.058" rpa="false" schemaversion="3">
<suite id="s1" name="Verify search functionality" source="/Users/muhammad.ibrahim/PycharmProjects/RobotFrameworkTutorial/Tests/eBay/Verify_search_functionality.robot">
<test id="s1-t1" name="Verify basic search functionality" line="13">
<kw name="Open URL" library="CommonFunctionality" type="SETUP">
<kw name="Open Browser" library="SeleniumLibrary">
<arg>https://www.ebay.com</arg>
<arg>chrome</arg>
<doc>Opens a new browser instance to the optional ``url``.</doc>
<msg timestamp="20221122 20:01:23.238" level="INFO">Opening browser 'chrome' to base url 'https://www.ebay.com'.</msg>
<status status="PASS" starttime="20221122 20:01:23.238" endtime="20221122 20:01:28.107"/>
</kw>
<status status="PASS" starttime="20221122 20:01:23.238" endtime="20221122 20:01:28.107"/>
</kw>
<kw name="Input Search Text and Click Search" library="HeaderPage">
<kw name="Input Text" library="SeleniumLibrary">
<arg>xpath://*[@id="gh-ac"]</arg>
<arg>${search_text}</arg>
<doc>Types the given ``text`` into the text field identified by ``locator``.</doc>
<msg timestamp="20221122 20:01:28.108" level="INFO">Typing text 'robot' into text field 'xpath://*[@id="gh-ac"]'.</msg>
<status status="PASS" starttime="20221122 20:01:28.108" endtime="20221122 20:01:29.242"/>
</kw>
<kw name="Press Keys" library="SeleniumLibrary">
<arg>xpath://*[@id="gh-btn"]</arg>
<arg>[Return]</arg>
<doc>Simulates the user pressing key(s) to an element or on the active browser.</doc>
<msg timestamp="20221122 20:01:29.243" level="INFO">Sending key(s) ('[Return]',) to xpath://*[@id="gh-btn"] element.</msg>
<msg timestamp="20221122 20:01:32.101" level="INFO">Sending keys [Return]</msg>
<status status="PASS" starttime="20221122 20:01:29.242" endtime="20221122 20:01:32.117"/>
</kw>
<status status="PASS" starttime="20221122 20:01:28.107" endtime="20221122 20:01:32.117"/>
</kw>
<kw name="Verify Search Results" library="SearchResultsPage">
<kw name="Page Should Contain" library="SeleniumLibrary">
<arg>${search_result} ${search_text}</arg>
<doc>Verifies that current page contains ``text``.</doc>
<msg timestamp="20221122 20:01:32.205" level="INFO">Current page contains text 'results for robot'.</msg>
<status status="PASS" starttime="20221122 20:01:32.118" endtime="20221122 20:01:32.206"/>
</kw>
<status status="PASS" starttime="20221122 20:01:32.117" endtime="20221122 20:01:32.206"/>
</kw>
<kw name="Close the browser" library="CommonFunctionality" type="TEARDOWN">
<kw name="Close Browser" library="SeleniumLibrary">
<doc>Closes the current browser.</doc>
<status status="PASS" starttime="20221122 20:01:32.206" endtime="20221122 20:01:32.336"/>
</kw>
<status status="PASS" starttime="20221122 20:01:32.206" endtime="20221122 20:01:32.337"/>
</kw>
<status status="PASS" starttime="20221122 20:01:23.237" endtime="20221122 20:01:32.337"/>
</test>
<test id="s1-t2" name="Verify advanced search functionality" line="17">
<kw name="Open URL" library="CommonFunctionality" type="SETUP">
<kw name="Open Browser" library="SeleniumLibrary">
<arg>https://www.ebay.com</arg>
<arg>chrome</arg>
<doc>Opens a new browser instance to the optional ``url``.</doc>
<msg timestamp="20221122 20:01:32.339" level="INFO">Opening browser 'chrome' to base url 'https://www.ebay.com'.</msg>
<status status="PASS" starttime="20221122 20:01:32.339" endtime="20221122 20:01:37.170"/>
</kw>
<status status="PASS" starttime="20221122 20:01:32.338" endtime="20221122 20:01:37.170"/>
</kw>
<kw name="Click on Advanced Search Link" library="HeaderPage">
<kw name="Click Element" library="SeleniumLibrary">
<arg>//*[@id="gh-as-a"]</arg>
<doc>Click the element identified by ``locator``.</doc>
<msg timestamp="20221122 20:01:37.171" level="INFO">Clicking element '//*[@id="gh-as-a"]'.</msg>
<status status="PASS" starttime="20221122 20:01:37.171" endtime="20221122 20:01:39.954"/>
</kw>
<status status="PASS" starttime="20221122 20:01:37.171" endtime="20221122 20:01:39.955"/>
</kw>
<kw name="Close the browser" library="CommonFunctionality" type="TEARDOWN">
<kw name="Close Browser" library="SeleniumLibrary">
<doc>Closes the current browser.</doc>
<status status="PASS" starttime="20221122 20:01:39.956" endtime="20221122 20:01:40.079"/>
</kw>
<status status="PASS" starttime="20221122 20:01:39.955" endtime="20221122 20:01:40.079"/>
</kw>
<status status="PASS" starttime="20221122 20:01:32.338" endtime="20221122 20:01:40.079"/>
</test>
<doc>Basic Search Funcionality</doc>
<status status="PASS" starttime="20221122 20:01:23.059" endtime="20221122 20:01:40.080"/>
</suite>
<statistics>
<total>
<stat pass="2" fail="0" skip="0">All Tests</stat>
</total>
<tag>
</tag>
<suite>
<stat pass="2" fail="0" skip="0" id="s1" name="Verify search functionality">Verify search functionality</stat>
</suite>
</statistics>
<errors>
</errors>
</robot>
