<?xml version="1.0" encoding="UTF-8"?>
<robot generator="Robot 5.0.1 (Python 3.10.6 on darwin)" generated="20221130 19:45:36.165" rpa="false" schemaversion="3">
<suite id="s1" name="DDT-CSV" source="/Users/muhammad.ibrahim/PycharmProjects/RobotFrameworkTutorial/Tests/Practices/DDT-CSV.robot">
<kw name="Start TestCase" library="common" type="SETUP">
<kw name="Open Browser" library="SeleniumLibrary">
<arg>${url}</arg>
<arg>${browser}</arg>
<doc>Opens a new browser instance to the optional ``url``.</doc>
<msg timestamp="20221130 19:45:36.374" level="INFO">Opening browser 'chrome' to base url 'https://www.saucedemo.com/'.</msg>
<status status="PASS" starttime="20221130 19:45:36.374" endtime="20221130 19:45:39.043"/>
</kw>
<kw name="Maximize Browser Window" library="SeleniumLibrary">
<doc>Maximizes current browser window.</doc>
<status status="PASS" starttime="20221130 19:45:39.043" endtime="20221130 19:45:39.179"/>
</kw>
<kw name="Sleep" library="BuiltIn">
<arg>2s</arg>
<doc>Pauses the test executed for the given time.</doc>
<msg timestamp="20221130 19:45:41.180" level="INFO">Slept 2 seconds</msg>
<status status="PASS" starttime="20221130 19:45:39.179" endtime="20221130 19:45:41.181"/>
</kw>
<status status="PASS" starttime="20221130 19:45:36.373" endtime="20221130 19:45:41.181"/>
</kw>
<test id="s1-t1" name="Verify Login Fails with Invalid Creds" line="12">
<kw name="Invalid Login Scenarios">
<arg>1</arg>
<arg>2</arg>
<arg>Epic sadface: Username and password do not match any user in this service</arg>
<kw name="Input Text" library="SeleniumLibrary">
<arg>${username_textbox}</arg>
<arg>${username}</arg>
<doc>Types the given ``text`` into the text field identified by ``locator``.</doc>
<msg timestamp="20221130 19:45:41.185" level="INFO">Typing text '1' into text field 'id:user-name'.</msg>
<status status="PASS" starttime="20221130 19:45:41.184" endtime="20221130 19:45:41.321"/>
</kw>
<kw name="Input Text" library="SeleniumLibrary">
<arg>${password_textbox}</arg>
<arg>${password}</arg>
<doc>Types the given ``text`` into the text field identified by ``locator``.</doc>
<msg timestamp="20221130 19:45:41.321" level="INFO">Typing text '2' into text field 'id:password'.</msg>
<status status="PASS" starttime="20221130 19:45:41.321" endtime="20221130 19:45:41.383"/>
</kw>
<kw name="Click Button" library="SeleniumLibrary">
<arg>${login_button}</arg>
<doc>Clicks the button identified by ``locator``.</doc>
<msg timestamp="20221130 19:45:41.383" level="INFO">Clicking button 'xpath://*[@id="login-button"]'.</msg>
<status status="PASS" starttime="20221130 19:45:41.383" endtime="20221130 19:45:41.450"/>
</kw>
<kw name="Sleep" library="BuiltIn">
<arg>2s</arg>
<doc>Pauses the test executed for the given time.</doc>
<msg timestamp="20221130 19:45:43.451" level="INFO">Slept 2 seconds</msg>
<status status="PASS" starttime="20221130 19:45:41.450" endtime="20221130 19:45:43.451"/>
</kw>
<kw name="Element Should Contain" library="SeleniumLibrary">
<arg>${text_error}</arg>
<arg>${error_msg}</arg>
<doc>Verifies that element ``locator`` contains text ``expected``.</doc>
<msg timestamp="20221130 19:45:43.471" level="INFO">Element 'xpath://*[@id="login_button_container"]/div/form/div[3]' contains text 'Epic sadface: Username and password do not match any user in this service'.</msg>
<status status="PASS" starttime="20221130 19:45:43.451" endtime="20221130 19:45:43.471"/>
</kw>
<status status="PASS" starttime="20221130 19:45:41.184" endtime="20221130 19:45:43.471"/>
</kw>
<status status="PASS" starttime="20221130 19:45:41.181" endtime="20221130 19:45:43.472"/>
</test>
<kw name="Finish TestCase" library="common" type="TEARDOWN">
<kw name="Close Browser" library="SeleniumLibrary">
<doc>Closes the current browser.</doc>
<status status="PASS" starttime="20221130 19:45:43.473" endtime="20221130 19:45:43.592"/>
</kw>
<status status="PASS" starttime="20221130 19:45:43.472" endtime="20221130 19:45:43.592"/>
</kw>
<status status="PASS" starttime="20221130 19:45:36.166" endtime="20221130 19:45:43.592"/>
</suite>
<statistics>
<total>
<stat pass="1" fail="0" skip="0">All Tests</stat>
</total>
<tag>
</tag>
<suite>
<stat pass="1" fail="0" skip="0" id="s1" name="DDT-CSV">DDT-CSV</stat>
</suite>
</statistics>
<errors>
</errors>
</robot>
